<?xml version="1.0" encoding="UTF-8"?>
<!-- Generated by org.testng.reporters.JUnitXMLReporter -->
<testsuite ignored="1" hostname="DESKTOP-30A8D96" failures="0" tests="2" name="Test" time="0.1" errors="0" timestamp="2023-08-16T12:33:58 IST">
  <testcase classname="sample_maven.Calendar" name="createTodo" time="0.014"/>
  <testcase classname="sample_maven.DeleteCalendar" name="deleteTodo" time="0.002"/>
  <testcase classname="sample_maven.Calendar" name="modifyTodo" time="0.0">
    <ignored/>
  </testcase> <!-- modifyTodo -->
</testsuite> <!-- Test -->
