<?xml version="1.0" encoding="UTF-8"?>
<testng-results ignored="1" total="3" passed="2" failed="0" skipped="0">
  <reporter-output>
  </reporter-output>
  <suite started-at="2023-08-16T12:33:58 IST" name="Suite" finished-at="2023-08-16T12:33:58 IST" duration-ms="100">
    <groups>
      <group name="smoke">
        <method signature="Calendar.createTodo()[pri:0, instance:sample_maven.Calendar@6631f5ca]" name="createTodo" class="sample_maven.Calendar"/>
        <method signature="DeleteCalendar.deleteTodo()[pri:0, instance:sample_maven.DeleteCalendar@29d89d5d]" name="deleteTodo" class="sample_maven.DeleteCalendar"/>
      </group> <!-- smoke -->
    </groups>
    <test started-at="2023-08-16T12:33:58 IST" name="Test" finished-at="2023-08-16T12:33:58 IST" duration-ms="100">
      <class name="sample_maven.DeleteCalendar">
        <test-method signature="deleteTodo()[pri:0, instance:sample_maven.DeleteCalendar@29d89d5d]" started-at="2023-08-16T12:33:58 IST" name="deleteTodo" finished-at="2023-08-16T12:33:58 IST" duration-ms="2" status="PASS">
          <reporter-output>
          </reporter-output>
        </test-method> <!-- deleteTodo -->
      </class> <!-- sample_maven.DeleteCalendar -->
      <class name="sample_maven.Calendar">
        <test-method signature="createTodo()[pri:0, instance:sample_maven.Calendar@6631f5ca]" started-at="2023-08-16T12:33:58 IST" name="createTodo" finished-at="2023-08-16T12:33:58 IST" duration-ms="14" status="PASS">
          <reporter-output>
          </reporter-output>
        </test-method> <!-- createTodo -->
      </class> <!-- sample_maven.Calendar -->
    </test> <!-- Test -->
  </suite> <!-- Suite -->
</testng-results>
